{
  "stats": {
    "suites": 1,
    "tests": 1,
    "passes": 1,
    "pending": 0,
    "failures": 0,
    "start": "2025-09-06T22:54:35.147Z",
    "end": "2025-09-06T22:54:45.605Z",
    "duration": 10458,
    "testsRegistered": 1,
    "passPercent": 100,
    "pendingPercent": 0,
    "other": 0,
    "hasOther": false,
    "skipped": 0,
    "hasSkipped": false
  },
  "results": [
    {
      "uuid": "c45f2e3e-6762-4de3-b333-fe46e7d76edc",
      "title": "",
      "fullFile": "cypress/e2e/checkout/checkoutFinish.cy.js",
      "file": "cypress/e2e/checkout/checkoutFinish.cy.js",
      "beforeHooks": [],
      "afterHooks": [],
      "tests": [],
      "suites": [
        {
          "uuid": "02441de0-b5b1-422a-a48f-2d45a40214cf",
          "title": "Cancel checkout",
          "fullFile": "",
          "file": "",
          "beforeHooks": [],
          "afterHooks": [],
          "tests": [
            {
              "title": "cancel from checkout overview",
              "fullTitle": "Cancel checkout cancel from checkout overview",
              "timedOut": null,
              "duration": 9214,
              "state": "passed",
              "speed": "medium",
              "pass": true,
              "fail": false,
              "pending": false,
              "context": null,
              "code": "cy.clickIn(_selectors.default.checkoutOverview.continue);\ncy.clickIn(_selectors.default.checkoutOverview.cancel).then(() => {\n  cy.shouldHaveUrl('include', '/inventory.html');\n  cy.log('Navegación a la página de inventario correcta ✅');\n});",
              "err": {},
              "uuid": "85fa06f5-28d8-449c-ae7d-8a9c9d4b1cda",
              "parentUUID": "02441de0-b5b1-422a-a48f-2d45a40214cf",
              "isHook": false,
              "skipped": false
            }
          ],
          "suites": [],
          "passes": [
            "85fa06f5-28d8-449c-ae7d-8a9c9d4b1cda"
          ],
          "failures": [],
          "pending": [],
          "skipped": [],
          "duration": 9214,
          "root": false,
          "rootEmpty": false,
          "_timeout": 2000
        }
      ],
      "passes": [],
      "failures": [],
      "pending": [],
      "skipped": [],
      "duration": 0,
      "root": true,
      "rootEmpty": true,
      "_timeout": 2000
    }
  ],
  "meta": {
    "mocha": {
      "version": "7.2.0"
    },
    "mochawesome": {
      "options": {
        "quiet": false,
        "reportFilename": "mochawesome",
        "saveHtml": false,
        "saveJson": true,
        "consoleReporter": "spec",
        "useInlineDiffs": false,
        "code": true
      },
      "version": "7.1.3"
    },
    "marge": {
      "options": {
        "id": "default",
        "reportDir": "cypress/reports/mochawesome",
        "overwrite": false,
        "html": false,
        "json": true
      },
      "version": "6.2.0"
    }
  }
}