{
  "stats": {
    "suites": 1,
    "tests": 1,
    "passes": 1,
    "pending": 0,
    "failures": 0,
    "start": "2025-09-06T22:54:46.888Z",
    "end": "2025-09-06T22:54:56.461Z",
    "duration": 9573,
    "testsRegistered": 1,
    "passPercent": 100,
    "pendingPercent": 0,
    "other": 0,
    "hasOther": false,
    "skipped": 0,
    "hasSkipped": false
  },
  "results": [
    {
      "uuid": "a8924a3a-1ef2-49b9-bebd-d07e8e37ae40",
      "title": "",
      "fullFile": "cypress/e2e/checkout/checkoutForm.cy.js",
      "file": "cypress/e2e/checkout/checkoutForm.cy.js",
      "beforeHooks": [],
      "afterHooks": [],
      "tests": [],
      "suites": [
        {
          "uuid": "ebd34409-5b42-4f3c-808f-5fa64d7887b8",
          "title": "Validate Checkout Form",
          "fullFile": "",
          "file": "",
          "beforeHooks": [],
          "afterHooks": [],
          "tests": [
            {
              "title": "enter buyer information and continue",
              "fullTitle": "Validate Checkout Form enter buyer information and continue",
              "timedOut": null,
              "duration": 8295,
              "state": "passed",
              "speed": "medium",
              "pass": true,
              "fail": false,
              "pending": false,
              "context": null,
              "code": "cy.clickIn(_selectors.default.checkoutOverview.continue);\ncy.waitSeconds(1);\nif (cy.shouldBeVisible(_selectors.default.checkoutOverview.errorMsg)) {\n  cy.fillOutCheckoutForm(_data.default.buyer.firstName, _data.default.buyer.lastName, _data.default.buyer.zip);\n  cy.clickIn(_selectors.default.checkoutOverview.continue);\n  cy.shouldHaveUrl('include', '/checkout-step-two.html');\n} else {\n  cy.log('No se mostró ningún mensaje de error al intentar continuar sin completar el formulario.');\n}",
              "err": {},
              "uuid": "d76798cf-5245-43b1-9bcc-c9574e3a28c8",
              "parentUUID": "ebd34409-5b42-4f3c-808f-5fa64d7887b8",
              "isHook": false,
              "skipped": false
            }
          ],
          "suites": [],
          "passes": [
            "d76798cf-5245-43b1-9bcc-c9574e3a28c8"
          ],
          "failures": [],
          "pending": [],
          "skipped": [],
          "duration": 8295,
          "root": false,
          "rootEmpty": false,
          "_timeout": 2000
        }
      ],
      "passes": [],
      "failures": [],
      "pending": [],
      "skipped": [],
      "duration": 0,
      "root": true,
      "rootEmpty": true,
      "_timeout": 2000
    }
  ],
  "meta": {
    "mocha": {
      "version": "7.2.0"
    },
    "mochawesome": {
      "options": {
        "quiet": false,
        "reportFilename": "mochawesome",
        "saveHtml": false,
        "saveJson": true,
        "consoleReporter": "spec",
        "useInlineDiffs": false,
        "code": true
      },
      "version": "7.1.3"
    },
    "marge": {
      "options": {
        "id": "default",
        "reportDir": "cypress/reports/mochawesome",
        "overwrite": false,
        "html": false,
        "json": true
      },
      "version": "6.2.0"
    }
  }
}