{
  "stats": {
    "suites": 1,
    "tests": 1,
    "passes": 1,
    "pending": 0,
    "failures": 0,
    "start": "2025-09-06T22:54:01.782Z",
    "end": "2025-09-06T22:54:07.650Z",
    "duration": 5868,
    "testsRegistered": 1,
    "passPercent": 100,
    "pendingPercent": 0,
    "other": 0,
    "hasOther": false,
    "skipped": 0,
    "hasSkipped": false
  },
  "results": [
    {
      "uuid": "12d7619e-4ba9-445b-b656-077fe5b55cd4",
      "title": "",
      "fullFile": "cypress/e2e/auth/logout.cy.js",
      "file": "cypress/e2e/auth/logout.cy.js",
      "beforeHooks": [],
      "afterHooks": [],
      "tests": [],
      "suites": [
        {
          "uuid": "103f66cf-12ba-4810-849f-6132c47b3b49",
          "title": "Logout",
          "fullFile": "",
          "file": "",
          "beforeHooks": [],
          "afterHooks": [],
          "tests": [
            {
              "title": "Logout successfully",
              "fullTitle": "Logout Logout successfully",
              "timedOut": null,
              "duration": 4558,
              "state": "passed",
              "speed": "fast",
              "pass": true,
              "fail": false,
              "pending": false,
              "context": null,
              "code": "cy.get(_selectors.default.logout.burgerMenu).click();\ncy.get(_selectors.default.logout.logoutLink).click();\ncy.url().should('include', '/');\ncy.get(_selectors.default.login.loginButton).should('be.visible');",
              "err": {},
              "uuid": "4e098831-236d-404f-9738-0a3044abb011",
              "parentUUID": "103f66cf-12ba-4810-849f-6132c47b3b49",
              "isHook": false,
              "skipped": false
            }
          ],
          "suites": [],
          "passes": [
            "4e098831-236d-404f-9738-0a3044abb011"
          ],
          "failures": [],
          "pending": [],
          "skipped": [],
          "duration": 4558,
          "root": false,
          "rootEmpty": false,
          "_timeout": 2000
        }
      ],
      "passes": [],
      "failures": [],
      "pending": [],
      "skipped": [],
      "duration": 0,
      "root": true,
      "rootEmpty": true,
      "_timeout": 2000
    }
  ],
  "meta": {
    "mocha": {
      "version": "7.2.0"
    },
    "mochawesome": {
      "options": {
        "quiet": false,
        "reportFilename": "mochawesome",
        "saveHtml": false,
        "saveJson": true,
        "consoleReporter": "spec",
        "useInlineDiffs": false,
        "code": true
      },
      "version": "7.1.3"
    },
    "marge": {
      "options": {
        "id": "default",
        "reportDir": "cypress/reports/mochawesome",
        "overwrite": false,
        "html": false,
        "json": true
      },
      "version": "6.2.0"
    }
  }
}