{
  "stats": {
    "suites": 1,
    "tests": 5,
    "passes": 5,
    "pending": 0,
    "failures": 0,
    "start": "2025-09-05T03:19:25.019Z",
    "end": "2025-09-05T03:19:41.319Z",
    "duration": 16300,
    "testsRegistered": 5,
    "passPercent": 100,
    "pendingPercent": 0,
    "other": 0,
    "hasOther": false,
    "skipped": 0,
    "hasSkipped": false
  },
  "results": [
    {
      "uuid": "1728edec-7c00-44f5-82f9-5024ed7a7685",
      "title": "",
      "fullFile": "cypress\\e2e\\auth\\login.cy.js",
      "file": "cypress\\e2e\\auth\\login.cy.js",
      "beforeHooks": [],
      "afterHooks": [],
      "tests": [],
      "suites": [
        {
          "uuid": "30d10bc1-706c-4fab-b6e2-7538c574ff35",
          "title": "Authentication Tests",
          "fullFile": "",
          "file": "",
          "beforeHooks": [],
          "afterHooks": [],
          "tests": [
            {
              "title": "Successful login correcto credentials",
              "fullTitle": "Authentication Tests Successful login correcto credentials",
              "timedOut": null,
              "duration": 5027,
              "state": "passed",
              "speed": "medium",
              "pass": true,
              "fail": false,
              "pending": false,
              "context": null,
              "code": "cy.login(_data.default.users.standard.username, _data.default.users.password);\ncy.shouldHaveUrl('include', '/inventory.html');\ncy.shouldBeVisible(_selectors.default.products.title);\ncy.shouldBeVisible(_selectors.default.products.inventoryContainer);",
              "err": {},
              "uuid": "58816d26-ee35-4f6b-be68-031f1b81f3da",
              "parentUUID": "30d10bc1-706c-4fab-b6e2-7538c574ff35",
              "isHook": false,
              "skipped": false
            },
            {
              "title": "Unsuccessful login with incorrect credentials",
              "fullTitle": "Authentication Tests Unsuccessful login with incorrect credentials",
              "timedOut": null,
              "duration": 4114,
              "state": "passed",
              "speed": "fast",
              "pass": true,
              "fail": false,
              "pending": false,
              "context": null,
              "code": "cy.login('invalid_user', 'invalid_password');\ncy.shouldBeVisible(_selectors.default.login.ErrorMessage);\ncy.shouldHaveText(_selectors.default.login.ErrorMessage, 'Epic sadface: Username and password do not match any user in this service');\ncy.shouldHaveUrl('eq', 'https://www.saucedemo.com/');",
              "err": {},
              "uuid": "52777769-687f-4403-9842-97e744020a97",
              "parentUUID": "30d10bc1-706c-4fab-b6e2-7538c574ff35",
              "isHook": false,
              "skipped": false
            },
            {
              "title": "Unsuccessful login with empty user",
              "fullTitle": "Authentication Tests Unsuccessful login with empty user",
              "timedOut": null,
              "duration": 578,
              "state": "passed",
              "speed": "fast",
              "pass": true,
              "fail": false,
              "pending": false,
              "context": null,
              "code": "cy.writeIn(_selectors.default.login.password, _data.default.users.password);\ncy.clickIn(_selectors.default.login.loginButton);\ncy.shouldBeVisible(_selectors.default.login.ErrorMessage);\ncy.shouldHaveText(_selectors.default.login.ErrorMessage, 'Epic sadface: Username is required');\ncy.shouldHaveUrl('eq', 'https://www.saucedemo.com/');",
              "err": {},
              "uuid": "0e2dc480-3ba4-440f-8ff6-b519ab6f41cb",
              "parentUUID": "30d10bc1-706c-4fab-b6e2-7538c574ff35",
              "isHook": false,
              "skipped": false
            },
            {
              "title": "Unsuccessful login with empty password",
              "fullTitle": "Authentication Tests Unsuccessful login with empty password",
              "timedOut": null,
              "duration": 590,
              "state": "passed",
              "speed": "fast",
              "pass": true,
              "fail": false,
              "pending": false,
              "context": null,
              "code": "cy.writeIn(_selectors.default.login.username, _data.default.users.standard.username);\ncy.clickIn(_selectors.default.login.loginButton);\ncy.shouldBeVisible(_selectors.default.login.ErrorMessage);\ncy.shouldHaveText(_selectors.default.login.ErrorMessage, 'Epic sadface: Password is required');\ncy.shouldHaveUrl('eq', 'https://www.saucedemo.com/');",
              "err": {},
              "uuid": "1372fc3e-1f83-433e-8f0d-c9d32c57b23c",
              "parentUUID": "30d10bc1-706c-4fab-b6e2-7538c574ff35",
              "isHook": false,
              "skipped": false
            },
            {
              "title": "Unsuccessful login with locked out user",
              "fullTitle": "Authentication Tests Unsuccessful login with locked out user",
              "timedOut": null,
              "duration": 4010,
              "state": "passed",
              "speed": "fast",
              "pass": true,
              "fail": false,
              "pending": false,
              "context": null,
              "code": "cy.login(_data.default.users.locked.username, 'secret_sauce');\ncy.shouldBeVisible(_selectors.default.login.ErrorMessage);\ncy.shouldHaveText(_selectors.default.login.ErrorMessage, 'Epic sadface: Sorry, this user has been locked out.');\ncy.shouldHaveUrl('eq', 'https://www.saucedemo.com/');",
              "err": {},
              "uuid": "f2626cd6-48fd-4533-a347-b1552dac46d7",
              "parentUUID": "30d10bc1-706c-4fab-b6e2-7538c574ff35",
              "isHook": false,
              "skipped": false
            }
          ],
          "suites": [],
          "passes": [
            "58816d26-ee35-4f6b-be68-031f1b81f3da",
            "52777769-687f-4403-9842-97e744020a97",
            "0e2dc480-3ba4-440f-8ff6-b519ab6f41cb",
            "1372fc3e-1f83-433e-8f0d-c9d32c57b23c",
            "f2626cd6-48fd-4533-a347-b1552dac46d7"
          ],
          "failures": [],
          "pending": [],
          "skipped": [],
          "duration": 14319,
          "root": false,
          "rootEmpty": false,
          "_timeout": 2000
        }
      ],
      "passes": [],
      "failures": [],
      "pending": [],
      "skipped": [],
      "duration": 0,
      "root": true,
      "rootEmpty": true,
      "_timeout": 2000
    }
  ],
  "meta": {
    "mocha": {
      "version": "7.2.0"
    },
    "mochawesome": {
      "options": {
        "quiet": false,
        "reportFilename": "mochawesome",
        "saveHtml": false,
        "saveJson": true,
        "consoleReporter": "spec",
        "useInlineDiffs": false,
        "code": true
      },
      "version": "7.1.3"
    },
    "marge": {
      "options": {
        "reportDir": "cypress/reports",
        "overwrite": false,
        "html": false,
        "json": true
      },
      "version": "6.2.0"
    }
  }
}