{
  "stats": {
    "suites": 1,
    "tests": 3,
    "passes": 3,
    "pending": 0,
    "failures": 0,
    "start": "2025-09-05T03:19:45.018Z",
    "end": "2025-09-05T03:19:59.626Z",
    "duration": 14608,
    "testsRegistered": 3,
    "passPercent": 100,
    "pendingPercent": 0,
    "other": 0,
    "hasOther": false,
    "skipped": 0,
    "hasSkipped": false
  },
  "results": [
    {
      "uuid": "8b86b43b-965c-49c0-9ecf-d8e849bd3e95",
      "title": "",
      "fullFile": "cypress\\e2e\\cart\\cartActions.cy.js",
      "file": "cypress\\e2e\\cart\\cartActions.cy.js",
      "beforeHooks": [],
      "afterHooks": [],
      "tests": [],
      "suites": [
        {
          "uuid": "8fa88439-a1cd-43d8-95e9-6d084b92f1e1",
          "title": "Cart Page actions",
          "fullFile": "",
          "file": "",
          "beforeHooks": [],
          "afterHooks": [],
          "tests": [
            {
              "title": "Add products to cart",
              "fullTitle": "Cart Page actions Add products to cart",
              "timedOut": null,
              "duration": 4824,
              "state": "passed",
              "speed": "fast",
              "pass": true,
              "fail": false,
              "pending": false,
              "context": null,
              "code": "cy.get(_selectors.default.products.inventoryItem).each(($item, index) => {\n  cy.wrap($item).within(() => {\n    cy.shouldBeVisible(_selectors.default.products.itemButton);\n    cy.get(_selectors.default.products.itemButton).click();\n  });\n  cy.log(`Producto ${index + 1} agregado al carrito correctamente ✅`);\n});\ncy.get(_selectors.default.products.inventoryItem).its('length').then(total => {\n  cy.get(_selectors.default.cart.badge).should('have.text', `${total}`);\n  cy.get(_selectors.default.cart.badge).should('be.visible');\n});\ncy.shouldBeVisible(_selectors.default.cart.removeButton);",
              "err": {},
              "uuid": "9a23895d-32fe-4fc7-8af5-0b1e20430439",
              "parentUUID": "8fa88439-a1cd-43d8-95e9-6d084b92f1e1",
              "isHook": false,
              "skipped": false
            },
            {
              "title": "remove products from cart",
              "fullTitle": "Cart Page actions remove products from cart",
              "timedOut": null,
              "duration": 4240,
              "state": "passed",
              "speed": "fast",
              "pass": true,
              "fail": false,
              "pending": false,
              "context": null,
              "code": "cy.addToCart();\ncy.get(_selectors.default.cart.link).click();\ncy.get(_selectors.default.cart.badge).then($badge => {\n  const itemCount = parseInt($badge.text());\n  if (itemCount > 0) {\n    cy.get(_selectors.default.cart.removeButton).each($btn => {\n      cy.wrap($btn).click();\n    });\n    cy.get(_selectors.default.cart.badge).should('not.exist');\n    cy.log('Todos los productos han sido eliminados del carrito correctamente ✅');\n  } else {\n    cy.log('El carrito ya está vacío.');\n  }\n});",
              "err": {},
              "uuid": "53ad6678-7972-4bec-8898-be635c261d72",
              "parentUUID": "8fa88439-a1cd-43d8-95e9-6d084b92f1e1",
              "isHook": false,
              "skipped": false
            },
            {
              "title": "view the products in the cart",
              "fullTitle": "Cart Page actions view the products in the cart",
              "timedOut": null,
              "duration": 4266,
              "state": "passed",
              "speed": "fast",
              "pass": true,
              "fail": false,
              "pending": false,
              "context": null,
              "code": "const addedProducts = [];\n// 1. Seleccionamos los productos disponibles\ncy.get(_selectors.default.products.inventoryItem).then($items => {\n  const total = $items.length;\n  const randomCount = Math.floor(Math.random() * total) + 1;\n  // 2. Elegimos productos aleatorios\n  const selectedItems = Cypress._.sampleSize($items.toArray(), randomCount);\n  selectedItems.forEach(item => {\n    const productName = Cypress.$(item).find(_selectors.default.products.itemName).text().trim();\n    addedProducts.push(productName);\n    // 3. Agregar cada producto al carrito\n    cy.wrap(item).within(() => {\n      cy.get(_selectors.default.products.itemButton).click();\n    });\n  });\n})\n// 4. Guardamos el array dentro del flujo de Cypress\n.then(() => {\n  cy.wrap(addedProducts).as('addedProducts');\n});\n// 5. Ahora vamos al carrito\ncy.get(_selectors.default.cart.link).click();\ncy.shouldBeVisible(_selectors.default.cart.cartList);\n// 6. Recuperamos el alias cuando Cypress ya lo tiene cargado\ncy.get('@addedProducts').then(addedProducts => {\n  // Validar cantidad\n  cy.get(_selectors.default.cart.cartItem).should('have.length', addedProducts.length);\n  // Validar que los productos estén en el carrito\n  cy.get(_selectors.default.cart.cartItem).each($item => {\n    const nameInCart = Cypress.$($item).find(_selectors.default.products.itemName).text().trim();\n    expect(addedProducts).to.include(nameInCart);\n    cy.log(`Producto en el carrito: ${nameInCart} ✅`);\n  });\n});",
              "err": {},
              "uuid": "d4073668-8f29-4160-b6b4-2b8bfa0e886f",
              "parentUUID": "8fa88439-a1cd-43d8-95e9-6d084b92f1e1",
              "isHook": false,
              "skipped": false
            }
          ],
          "suites": [],
          "passes": [
            "9a23895d-32fe-4fc7-8af5-0b1e20430439",
            "53ad6678-7972-4bec-8898-be635c261d72",
            "d4073668-8f29-4160-b6b4-2b8bfa0e886f"
          ],
          "failures": [],
          "pending": [],
          "skipped": [],
          "duration": 13330,
          "root": false,
          "rootEmpty": false,
          "_timeout": 2000
        }
      ],
      "passes": [],
      "failures": [],
      "pending": [],
      "skipped": [],
      "duration": 0,
      "root": true,
      "rootEmpty": true,
      "_timeout": 2000
    }
  ],
  "meta": {
    "mocha": {
      "version": "7.2.0"
    },
    "mochawesome": {
      "options": {
        "quiet": false,
        "reportFilename": "mochawesome",
        "saveHtml": false,
        "saveJson": true,
        "consoleReporter": "spec",
        "useInlineDiffs": false,
        "code": true
      },
      "version": "7.1.3"
    },
    "marge": {
      "options": {
        "reportDir": "cypress/reports",
        "overwrite": false,
        "html": false,
        "json": true
      },
      "version": "6.2.0"
    }
  }
}