<?xml version="1.0" encoding="UTF-8"?>
<testsuites name="Mocha Tests" time="15.724" tests="5" failures="0">
  <testsuite name="Root Suite" timestamp="2025-09-07T06:58:08" tests="0" file="cypress/e2e/auth/login.cy.js" time="0.000" failures="0">
  </testsuite>
  <testsuite name="Authentication Tests" timestamp="2025-09-07T06:58:08" tests="5" time="15.722" failures="0">
    <testcase name="Authentication Tests Successful login correcto credentials" time="4.788" classname="Successful login correcto credentials">
    </testcase>
    <testcase name="Authentication Tests Unsuccessful login with incorrect credentials" time="4.113" classname="Unsuccessful login with incorrect credentials">
    </testcase>
    <testcase name="Authentication Tests Unsuccessful login with empty user" time="0.547" classname="Unsuccessful login with empty user">
    </testcase>
    <testcase name="Authentication Tests Unsuccessful login with empty password" time="0.547" classname="Unsuccessful login with empty password">
    </testcase>
    <testcase name="Authentication Tests Unsuccessful login with locked out user" time="3.924" classname="Unsuccessful login with locked out user">
    </testcase>
  </testsuite>
</testsuites>