<?xml version="1.0" encoding="UTF-8"?>
<testsuites name="Mocha Tests" time="19.863" tests="2" failures="0">
  <testsuite name="Root Suite" timestamp="2025-09-07T06:52:10" tests="0" file="cypress/e2e/checkout/checkoutOverview.cy.js" time="0.000" failures="0">
  </testsuite>
  <testsuite name="purchase summary validation" timestamp="2025-09-07T06:52:10" tests="2" time="19.862" failures="0">
    <testcase name="purchase summary validation validate purchase summary details" time="9.249" classname="validate purchase summary details">
    </testcase>
    <testcase name="purchase summary validation finalize purchase and validate completion" time="9.300" classname="finalize purchase and validate completion">
    </testcase>
  </testsuite>
</testsuites>