<?xml version="1.0" encoding="UTF-8"?>
<testsuites name="Mocha Tests" time="8.625" tests="1" failures="0">
  <testsuite name="Root Suite" timestamp="2025-09-07T06:42:30" tests="0" file="cypress/e2e/cart/cartNavigation.cy.js" time="0.000" failures="0">
  </testsuite>
  <testsuite name="Cart page navigation" timestamp="2025-09-07T06:42:30" tests="1" time="8.620" failures="0">
    <testcase name="Cart page navigation go to checkout from cart" time="7.395" classname="go to checkout from cart">
    </testcase>
  </testsuite>
</testsuites>