<?xml version="1.0" encoding="UTF-8"?>
<testsuites name="Mocha Tests" time="19.838" tests="2" failures="0">
  <testsuite name="Root Suite" timestamp="2025-09-07T07:04:11" tests="0" file="cypress/e2e/checkout/checkoutFinish.cy.js" time="0.000" failures="0">
  </testsuite>
  <testsuite name="Cancel checkout" timestamp="2025-09-07T07:04:11" tests="2" time="19.836" failures="0">
    <testcase name="Cancel checkout cancel from checkout information" time="9.325" classname="cancel from checkout information">
    </testcase>
    <testcase name="Cancel checkout cancel from checkout overview" time="9.149" classname="cancel from checkout overview">
    </testcase>
  </testsuite>
</testsuites>