<?xml version="1.0" encoding="UTF-8"?>
<testsuites name="Mocha Tests" time="10.676" tests="1" failures="0">
  <testsuite name="Root Suite" timestamp="2025-09-07T06:25:54" tests="0" file="cypress/e2e/checkout/checkoutFinish.cy.js" time="0.000" failures="0">
  </testsuite>
  <testsuite name="Cancel checkout" timestamp="2025-09-07T06:25:54" tests="1" time="10.672" failures="0">
    <testcase name="Cancel checkout cancel from checkout overview" time="9.380" classname="cancel from checkout overview">
    </testcase>
  </testsuite>
</testsuites>