<?xml version="1.0" encoding="UTF-8"?>
<testsuites name="Mocha Tests" time="15.150" tests="3" failures="0">
  <testsuite name="Root Suite" timestamp="2025-09-07T06:25:27" tests="0" file="cypress/e2e/cart/cartActions.cy.js" time="0.000" failures="0">
  </testsuite>
  <testsuite name="Cart Page actions" timestamp="2025-09-07T06:25:27" tests="3" time="15.148" failures="0">
    <testcase name="Cart Page actions Add products to cart" time="4.865" classname="Add products to cart">
    </testcase>
    <testcase name="Cart Page actions remove products from cart" time="4.192" classname="remove products from cart">
    </testcase>
    <testcase name="Cart Page actions view the products in the cart" time="4.471" classname="view the products in the cart">
    </testcase>
  </testsuite>
</testsuites>