<?xml version="1.0" encoding="UTF-8"?>
<testsuites name="Mocha Tests" time="19.969" tests="2" failures="0">
  <testsuite name="Root Suite" timestamp="2025-09-07T06:59:08" tests="0" file="cypress/e2e/checkout/checkoutFinish.cy.js" time="0.000" failures="0">
  </testsuite>
  <testsuite name="Cancel checkout" timestamp="2025-09-07T06:59:08" tests="2" time="19.968" failures="0">
    <testcase name="Cancel checkout cancel from checkout information" time="9.356" classname="cancel from checkout information">
    </testcase>
    <testcase name="Cancel checkout cancel from checkout overview" time="9.219" classname="cancel from checkout overview">
    </testcase>
  </testsuite>
</testsuites>