<?xml version="1.0" encoding="UTF-8"?>
<testsuites name="Mocha Tests" time="17.195" tests="2" failures="0">
  <testsuite name="Root Suite" timestamp="2025-09-07T06:51:51" tests="0" file="cypress/e2e/checkout/checkoutForm.cy.js" time="0.000" failures="0">
  </testsuite>
  <testsuite name="Validate Checkout Form" timestamp="2025-09-07T06:51:51" tests="2" time="17.193" failures="0">
    <testcase name="Validate Checkout Form enter buyer information and continue" time="8.415" classname="enter buyer information and continue">
    </testcase>
    <testcase name="Validate Checkout Form validate error messages when fields are empty" time="7.424" classname="validate error messages when fields are empty">
    </testcase>
  </testsuite>
</testsuites>