<?xml version="1.0" encoding="UTF-8"?>
<testsuites name="Mocha Tests" time="14.886" tests="3" failures="0">
  <testsuite name="Root Suite" timestamp="2025-09-07T06:50:56" tests="0" file="cypress/e2e/cart/cartActions.cy.js" time="0.000" failures="0">
  </testsuite>
  <testsuite name="Cart Page actions" timestamp="2025-09-07T06:50:56" tests="3" time="14.885" failures="0">
    <testcase name="Cart Page actions Add products to cart" time="4.795" classname="Add products to cart">
    </testcase>
    <testcase name="Cart Page actions remove products from cart" time="4.182" classname="remove products from cart">
    </testcase>
    <testcase name="Cart Page actions view the products in the cart" time="4.470" classname="view the products in the cart">
    </testcase>
  </testsuite>
</testsuites>