<?xml version="1.0" encoding="UTF-8"?>
<testsuites name="Mocha Tests" time="16.390" tests="2" failures="0">
  <testsuite name="Root Suite" timestamp="2025-09-07T07:03:54" tests="0" file="cypress/e2e/cart/cartNavigation.cy.js" time="0.000" failures="0">
  </testsuite>
  <testsuite name="Cart page navigation" timestamp="2025-09-07T07:03:54" tests="2" time="16.389" failures="0">
    <testcase name="Cart page navigation continue shopping from cart)" time="7.734" classname="continue shopping from cart)">
    </testcase>
    <testcase name="Cart page navigation go to checkout from cart" time="7.262" classname="go to checkout from cart">
    </testcase>
  </testsuite>
</testsuites>