<?xml version="1.0" encoding="UTF-8"?>
<testsuites name="Mocha Tests" time="15.466" tests="5" failures="0">
  <testsuite name="Root Suite" timestamp="2025-09-07T06:25:02" tests="0" file="cypress/e2e/auth/login.cy.js" time="0.000" failures="0">
  </testsuite>
  <testsuite name="Authentication Tests" timestamp="2025-09-07T06:25:02" tests="5" time="15.465" failures="0">
    <testcase name="Authentication Tests Successful login correcto credentials" time="4.678" classname="Successful login correcto credentials">
    </testcase>
    <testcase name="Authentication Tests Unsuccessful login with incorrect credentials" time="4.097" classname="Unsuccessful login with incorrect credentials">
    </testcase>
    <testcase name="Authentication Tests Unsuccessful login with empty user" time="0.517" classname="Unsuccessful login with empty user">
    </testcase>
    <testcase name="Authentication Tests Unsuccessful login with empty password" time="0.534" classname="Unsuccessful login with empty password">
    </testcase>
    <testcase name="Authentication Tests Unsuccessful login with locked out user" time="3.903" classname="Unsuccessful login with locked out user">
    </testcase>
  </testsuite>
</testsuites>