{
  "stats": {
    "suites": 1,
    "tests": 3,
    "passes": 3,
    "pending": 0,
    "failures": 0,
    "start": "2025-09-07T06:50:56.649Z",
    "end": "2025-09-07T06:51:11.535Z",
    "duration": 14886,
    "testsRegistered": 3,
    "passPercent": 100,
    "pendingPercent": 0,
    "other": 0,
    "hasOther": false,
    "skipped": 0,
    "hasSkipped": false
  },
  "results": [
    {
      "uuid": "8ec26e6a-ca21-4243-b3b3-53f1d93d02f8",
      "title": "",
      "fullFile": "cypress/e2e/cart/cartActions.cy.js",
      "file": "cypress/e2e/cart/cartActions.cy.js",
      "beforeHooks": [],
      "afterHooks": [],
      "tests": [],
      "suites": [
        {
          "uuid": "b449b89e-924c-4fae-83c6-46703fac0c86",
          "title": "Cart Page actions",
          "fullFile": "",
          "file": "",
          "beforeHooks": [],
          "afterHooks": [],
          "tests": [
            {
              "title": "Add products to cart",
              "fullTitle": "Cart Page actions Add products to cart",
              "timedOut": null,
              "duration": 4795,
              "state": "passed",
              "speed": "fast",
              "pass": true,
              "fail": false,
              "pending": false,
              "context": null,
              "code": "cy.get(_selectors.default.products.inventoryItem).each(($item, index) => {\n  cy.wrap($item).within(() => {\n    cy.shouldBeVisible(_selectors.default.products.itemButton);\n    cy.get(_selectors.default.products.itemButton).click();\n  });\n  cy.log(`Producto ${index + 1} agregado al carrito correctamente ✅`);\n});\ncy.get(_selectors.default.products.inventoryItem).its('length').then(total => {\n  cy.get(_selectors.default.cart.badge).should('have.text', `${total}`);\n  cy.get(_selectors.default.cart.badge).should('be.visible');\n});\ncy.shouldBeVisible(_selectors.default.cart.removeButton);",
              "err": {},
              "uuid": "38c8690d-1ade-4816-9562-0fad9f413489",
              "parentUUID": "b449b89e-924c-4fae-83c6-46703fac0c86",
              "isHook": false,
              "skipped": false
            },
            {
              "title": "remove products from cart",
              "fullTitle": "Cart Page actions remove products from cart",
              "timedOut": null,
              "duration": 4182,
              "state": "passed",
              "speed": "fast",
              "pass": true,
              "fail": false,
              "pending": false,
              "context": null,
              "code": "cy.addToCart();\ncy.get(_selectors.default.cart.link).click();\ncy.get(_selectors.default.cart.badge).then($badge => {\n  const itemCount = parseInt($badge.text());\n  if (itemCount > 0) {\n    cy.get(_selectors.default.cart.removeButton).each($btn => {\n      cy.wrap($btn).click();\n    });\n    cy.get(_selectors.default.cart.badge).should('not.exist');\n    cy.log('Todos los productos han sido eliminados del carrito correctamente ✅');\n  } else {\n    cy.log('El carrito ya está vacío.');\n  }\n});",
              "err": {},
              "uuid": "029bcc86-56ae-4aef-9f92-077fd7b400fd",
              "parentUUID": "b449b89e-924c-4fae-83c6-46703fac0c86",
              "isHook": false,
              "skipped": false
            },
            {
              "title": "view the products in the cart",
              "fullTitle": "Cart Page actions view the products in the cart",
              "timedOut": null,
              "duration": 4470,
              "state": "passed",
              "speed": "fast",
              "pass": true,
              "fail": false,
              "pending": false,
              "context": null,
              "code": "const addedProducts = [];\n// 1. Seleccionamos los productos disponibles\ncy.get(_selectors.default.products.inventoryItem).then($items => {\n  const total = $items.length;\n  const randomCount = Math.floor(Math.random() * total) + 1;\n  // 2. Elegimos productos aleatorios\n  const selectedItems = Cypress._.sampleSize($items.toArray(), randomCount);\n  selectedItems.forEach(item => {\n    const productName = Cypress.$(item).find(_selectors.default.products.itemName).text().trim();\n    addedProducts.push(productName);\n    // 3. Agregar cada producto al carrito\n    cy.wrap(item).within(() => {\n      cy.get(_selectors.default.products.itemButton).click();\n    });\n  });\n})\n// 4. Guardamos el array dentro del flujo de Cypress\n.then(() => {\n  cy.wrap(addedProducts).as('addedProducts');\n});\n// 5. Ahora vamos al carrito\ncy.get(_selectors.default.cart.link).click();\ncy.shouldBeVisible(_selectors.default.cart.cartList);\n// 6. Recuperamos el alias cuando Cypress ya lo tiene cargado\ncy.get('@addedProducts').then(addedProducts => {\n  // Validar cantidad\n  cy.get(_selectors.default.cart.cartItem).should('have.length', addedProducts.length);\n  // Validar que los productos estén en el carrito\n  cy.get(_selectors.default.cart.cartItem).each($item => {\n    const nameInCart = Cypress.$($item).find(_selectors.default.products.itemName).text().trim();\n    expect(addedProducts).to.include(nameInCart);\n    cy.log(`Producto en el carrito: ${nameInCart} ✅`);\n  });\n});",
              "err": {},
              "uuid": "5a410085-778e-4c5e-a346-ab4642f4bc4c",
              "parentUUID": "b449b89e-924c-4fae-83c6-46703fac0c86",
              "isHook": false,
              "skipped": false
            }
          ],
          "suites": [],
          "passes": [
            "38c8690d-1ade-4816-9562-0fad9f413489",
            "029bcc86-56ae-4aef-9f92-077fd7b400fd",
            "5a410085-778e-4c5e-a346-ab4642f4bc4c"
          ],
          "failures": [],
          "pending": [],
          "skipped": [],
          "duration": 13447,
          "root": false,
          "rootEmpty": false,
          "_timeout": 2000
        }
      ],
      "passes": [],
      "failures": [],
      "pending": [],
      "skipped": [],
      "duration": 0,
      "root": true,
      "rootEmpty": true,
      "_timeout": 2000
    }
  ],
  "meta": {
    "mocha": {
      "version": "7.2.0"
    },
    "mochawesome": {
      "options": {
        "quiet": false,
        "reportFilename": "index",
        "saveHtml": false,
        "saveJson": true,
        "consoleReporter": "spec",
        "useInlineDiffs": false,
        "code": true
      },
      "version": "7.1.3"
    },
    "marge": {
      "options": {
        "id": "default",
        "reportDir": "cypress/reports/mochawesome",
        "reportFilename": "index",
        "overwrite": false,
        "html": false,
        "json": true
      },
      "version": "6.2.0"
    }
  }
}