{
  "stats": {
    "suites": 1,
    "tests": 5,
    "passes": 5,
    "pending": 0,
    "failures": 0,
    "start": "2025-09-07T06:50:32.342Z",
    "end": "2025-09-07T06:50:47.707Z",
    "duration": 15365,
    "testsRegistered": 5,
    "passPercent": 100,
    "pendingPercent": 0,
    "other": 0,
    "hasOther": false,
    "skipped": 0,
    "hasSkipped": false
  },
  "results": [
    {
      "uuid": "2d048943-9e31-4622-8293-4bbe3436d4f9",
      "title": "",
      "fullFile": "cypress/e2e/auth/login.cy.js",
      "file": "cypress/e2e/auth/login.cy.js",
      "beforeHooks": [],
      "afterHooks": [],
      "tests": [],
      "suites": [
        {
          "uuid": "87e2601f-0d89-4a94-87bf-daadda0691ce",
          "title": "Authentication Tests",
          "fullFile": "",
          "file": "",
          "beforeHooks": [],
          "afterHooks": [],
          "tests": [
            {
              "title": "Successful login correcto credentials",
              "fullTitle": "Authentication Tests Successful login correcto credentials",
              "timedOut": null,
              "duration": 4670,
              "state": "passed",
              "speed": "fast",
              "pass": true,
              "fail": false,
              "pending": false,
              "context": null,
              "code": "cy.login(_data.default.users.standard.username, _data.default.users.password);\ncy.shouldHaveUrl('include', '/inventory.html');\ncy.shouldBeVisible(_selectors.default.products.title);\ncy.shouldBeVisible(_selectors.default.products.inventoryContainer);",
              "err": {},
              "uuid": "bde90565-cfbc-43f0-bc49-0e97ef6fd07e",
              "parentUUID": "87e2601f-0d89-4a94-87bf-daadda0691ce",
              "isHook": false,
              "skipped": false
            },
            {
              "title": "Unsuccessful login with incorrect credentials",
              "fullTitle": "Authentication Tests Unsuccessful login with incorrect credentials",
              "timedOut": null,
              "duration": 4080,
              "state": "passed",
              "speed": "fast",
              "pass": true,
              "fail": false,
              "pending": false,
              "context": null,
              "code": "cy.login('invalid_user', 'invalid_password');\ncy.shouldBeVisible(_selectors.default.login.ErrorMessage);\ncy.shouldHaveText(_selectors.default.login.ErrorMessage, 'Epic sadface: Username and password do not match any user in this service');\ncy.shouldHaveUrl('eq', 'https://www.saucedemo.com/');",
              "err": {},
              "uuid": "cdeeaebe-562f-4f3c-a4d5-6a4eb8732e48",
              "parentUUID": "87e2601f-0d89-4a94-87bf-daadda0691ce",
              "isHook": false,
              "skipped": false
            },
            {
              "title": "Unsuccessful login with empty user",
              "fullTitle": "Authentication Tests Unsuccessful login with empty user",
              "timedOut": null,
              "duration": 512,
              "state": "passed",
              "speed": "fast",
              "pass": true,
              "fail": false,
              "pending": false,
              "context": null,
              "code": "cy.writeIn(_selectors.default.login.password, _data.default.users.password);\ncy.clickIn(_selectors.default.login.loginButton);\ncy.shouldBeVisible(_selectors.default.login.ErrorMessage);\ncy.shouldHaveText(_selectors.default.login.ErrorMessage, 'Epic sadface: Username is required');\ncy.shouldHaveUrl('eq', 'https://www.saucedemo.com/');",
              "err": {},
              "uuid": "cc3c355a-9f0d-48a6-8268-26122c68f9d3",
              "parentUUID": "87e2601f-0d89-4a94-87bf-daadda0691ce",
              "isHook": false,
              "skipped": false
            },
            {
              "title": "Unsuccessful login with empty password",
              "fullTitle": "Authentication Tests Unsuccessful login with empty password",
              "timedOut": null,
              "duration": 550,
              "state": "passed",
              "speed": "fast",
              "pass": true,
              "fail": false,
              "pending": false,
              "context": null,
              "code": "cy.writeIn(_selectors.default.login.username, _data.default.users.standard.username);\ncy.clickIn(_selectors.default.login.loginButton);\ncy.shouldBeVisible(_selectors.default.login.ErrorMessage);\ncy.shouldHaveText(_selectors.default.login.ErrorMessage, 'Epic sadface: Password is required');\ncy.shouldHaveUrl('eq', 'https://www.saucedemo.com/');",
              "err": {},
              "uuid": "efa786b0-1534-489f-bdeb-df5f3364c82c",
              "parentUUID": "87e2601f-0d89-4a94-87bf-daadda0691ce",
              "isHook": false,
              "skipped": false
            },
            {
              "title": "Unsuccessful login with locked out user",
              "fullTitle": "Authentication Tests Unsuccessful login with locked out user",
              "timedOut": null,
              "duration": 3906,
              "state": "passed",
              "speed": "fast",
              "pass": true,
              "fail": false,
              "pending": false,
              "context": null,
              "code": "cy.login(_data.default.users.locked.username, 'secret_sauce');\ncy.shouldBeVisible(_selectors.default.login.ErrorMessage);\ncy.shouldHaveText(_selectors.default.login.ErrorMessage, 'Epic sadface: Sorry, this user has been locked out.');\ncy.shouldHaveUrl('eq', 'https://www.saucedemo.com/');",
              "err": {},
              "uuid": "53cb920e-f7cf-4497-b32e-7b188c2353d2",
              "parentUUID": "87e2601f-0d89-4a94-87bf-daadda0691ce",
              "isHook": false,
              "skipped": false
            }
          ],
          "suites": [],
          "passes": [
            "bde90565-cfbc-43f0-bc49-0e97ef6fd07e",
            "cdeeaebe-562f-4f3c-a4d5-6a4eb8732e48",
            "cc3c355a-9f0d-48a6-8268-26122c68f9d3",
            "efa786b0-1534-489f-bdeb-df5f3364c82c",
            "53cb920e-f7cf-4497-b32e-7b188c2353d2"
          ],
          "failures": [],
          "pending": [],
          "skipped": [],
          "duration": 13718,
          "root": false,
          "rootEmpty": false,
          "_timeout": 2000
        }
      ],
      "passes": [],
      "failures": [],
      "pending": [],
      "skipped": [],
      "duration": 0,
      "root": true,
      "rootEmpty": true,
      "_timeout": 2000
    }
  ],
  "meta": {
    "mocha": {
      "version": "7.2.0"
    },
    "mochawesome": {
      "options": {
        "quiet": false,
        "reportFilename": "index",
        "saveHtml": false,
        "saveJson": true,
        "consoleReporter": "spec",
        "useInlineDiffs": false,
        "code": true
      },
      "version": "7.1.3"
    },
    "marge": {
      "options": {
        "id": "default",
        "reportDir": "cypress/reports/mochawesome",
        "reportFilename": "index",
        "overwrite": false,
        "html": false,
        "json": true
      },
      "version": "6.2.0"
    }
  }
}