{
  "stats": {
    "suites": 1,
    "tests": 1,
    "passes": 1,
    "pending": 0,
    "failures": 0,
    "start": "2025-09-07T06:25:44.122Z",
    "end": "2025-09-07T06:25:52.865Z",
    "duration": 8743,
    "testsRegistered": 1,
    "passPercent": 100,
    "pendingPercent": 0,
    "other": 0,
    "hasOther": false,
    "skipped": 0,
    "hasSkipped": false
  },
  "results": [
    {
      "uuid": "163cc2ca-bebb-40a9-93ef-0b67f146675f",
      "title": "",
      "fullFile": "cypress/e2e/cart/cartNavigation.cy.js",
      "file": "cypress/e2e/cart/cartNavigation.cy.js",
      "beforeHooks": [],
      "afterHooks": [],
      "tests": [],
      "suites": [
        {
          "uuid": "cd51018a-8317-41c5-ba33-8ba445805fa6",
          "title": "Cart page navigation",
          "fullFile": "",
          "file": "",
          "beforeHooks": [],
          "afterHooks": [],
          "tests": [
            {
              "title": "go to checkout from cart",
              "fullTitle": "Cart page navigation go to checkout from cart",
              "timedOut": null,
              "duration": 7434,
              "state": "passed",
              "speed": "medium",
              "pass": true,
              "fail": false,
              "pending": false,
              "context": null,
              "code": "const expectedCart = [];\ncy.get(_selectors.default.cart.cartItem).first().within(() => {\n  cy.get(_selectors.default.products.itemName).invoke('text').then(firstItemName => {\n    expectedCart.push(firstItemName.trim());\n    cy.log(`Producto esperado en el carrito: ${firstItemName} ✅`);\n  });\n});\ncy.then(() => {\n  cy.log(`Contenido acumulado de expectedCart: ${JSON.stringify(expectedCart)}`);\n  console.log(\"Contenido acumulado en consola:\", expectedCart);\n});\ncy.clickIn(_selectors.default.cart.checkout).then(() => {\n  cy.shouldHaveUrl('include', '/checkout-step-one.html');\n  cy.log('Navegación a la página de checkout correcta ✅');\n});\ncy.writeIn(_selectors.default.checkoutOverview.formName, _data.default.personalData.firstName);\ncy.writeIn(_selectors.default.checkoutOverview.formLastName, _data.default.personalData.lastName);\ncy.writeIn(_selectors.default.checkoutOverview.formZip, _data.default.personalData.zip);\ncy.clickIn(_selectors.default.checkoutOverview.continue).then(() => {\n  cy.shouldHaveUrl('include', '/checkout-step-two.html');\n  cy.log('Navegación a la página de checkout step two correcta ✅');\n});",
              "err": {},
              "uuid": "4b2a776f-2c51-48f5-af93-6b9230199e64",
              "parentUUID": "cd51018a-8317-41c5-ba33-8ba445805fa6",
              "isHook": false,
              "skipped": false
            }
          ],
          "suites": [],
          "passes": [
            "4b2a776f-2c51-48f5-af93-6b9230199e64"
          ],
          "failures": [],
          "pending": [],
          "skipped": [],
          "duration": 7434,
          "root": false,
          "rootEmpty": false,
          "_timeout": 2000
        }
      ],
      "passes": [],
      "failures": [],
      "pending": [],
      "skipped": [],
      "duration": 0,
      "root": true,
      "rootEmpty": true,
      "_timeout": 2000
    }
  ],
  "meta": {
    "mocha": {
      "version": "7.2.0"
    },
    "mochawesome": {
      "options": {
        "quiet": false,
        "reportFilename": "index",
        "saveHtml": false,
        "saveJson": true,
        "consoleReporter": "spec",
        "useInlineDiffs": false,
        "code": true
      },
      "version": "7.1.3"
    },
    "marge": {
      "options": {
        "id": "default",
        "reportDir": "cypress/reports/mochawesome",
        "reportFilename": "index",
        "overwrite": false,
        "html": false,
        "json": true
      },
      "version": "6.2.0"
    }
  }
}