{
  "stats": {
    "suites": 1,
    "tests": 2,
    "passes": 2,
    "pending": 0,
    "failures": 0,
    "start": "2025-09-07T06:51:51.637Z",
    "end": "2025-09-07T06:52:08.832Z",
    "duration": 17195,
    "testsRegistered": 2,
    "passPercent": 100,
    "pendingPercent": 0,
    "other": 0,
    "hasOther": false,
    "skipped": 0,
    "hasSkipped": false
  },
  "results": [
    {
      "uuid": "18285c3b-cc4f-4010-a048-1de3af0e7a30",
      "title": "",
      "fullFile": "cypress/e2e/checkout/checkoutForm.cy.js",
      "file": "cypress/e2e/checkout/checkoutForm.cy.js",
      "beforeHooks": [],
      "afterHooks": [],
      "tests": [],
      "suites": [
        {
          "uuid": "dd336d4e-e096-4acf-a8dc-4a66eb54e378",
          "title": "Validate Checkout Form",
          "fullFile": "",
          "file": "",
          "beforeHooks": [],
          "afterHooks": [],
          "tests": [
            {
              "title": "enter buyer information and continue",
              "fullTitle": "Validate Checkout Form enter buyer information and continue",
              "timedOut": null,
              "duration": 8415,
              "state": "passed",
              "speed": "medium",
              "pass": true,
              "fail": false,
              "pending": false,
              "context": null,
              "code": "cy.clickIn(_selectors.default.checkoutOverview.continue);\ncy.waitSeconds(1);\nif (cy.shouldBeVisible(_selectors.default.checkoutOverview.errorMsg)) {\n  cy.fillOutCheckoutForm(_data.default.buyer.firstName, _data.default.buyer.lastName, _data.default.buyer.zip);\n  cy.clickIn(_selectors.default.checkoutOverview.continue);\n  cy.shouldHaveUrl('include', '/checkout-step-two.html');\n} else {\n  cy.log('No se mostró ningún mensaje de error al intentar continuar sin completar el formulario.');\n}",
              "err": {},
              "uuid": "68445cb8-5d17-4e88-aa86-b291ea49155c",
              "parentUUID": "dd336d4e-e096-4acf-a8dc-4a66eb54e378",
              "isHook": false,
              "skipped": false
            },
            {
              "title": "validate error messages when fields are empty",
              "fullTitle": "Validate Checkout Form validate error messages when fields are empty",
              "timedOut": null,
              "duration": 7424,
              "state": "passed",
              "speed": "medium",
              "pass": true,
              "fail": false,
              "pending": false,
              "context": null,
              "code": "cy.clickIn(_selectors.default.checkoutOverview.continue);\ncy.shouldHaveText(_selectors.default.checkoutOverview.errorMsg, 'Error: First Name is required').then(() => {\n  cy.log('El mensaje de error \"Error: First Name is required\" se mostró correctamente al intentar continuar sin completar el campo Nombre.');\n  cy.writeIn(_selectors.default.checkoutOverview.formName, _data.default.buyer.firstName);\n  cy.clickIn(_selectors.default.checkoutOverview.continue);\n  cy.shouldHaveText(_selectors.default.checkoutOverview.errorMsg, 'Error: Last Name is required').then(() => {\n    cy.log('El mensaje de error \"Error: Last Name is required\" se mostró correctamente al intentar continuar sin completar el campo Apellido.');\n    cy.writeIn(_selectors.default.checkoutOverview.formLastName, _data.default.buyer.lastName);\n    cy.clickIn(_selectors.default.checkoutOverview.continue);\n    cy.shouldHaveText(_selectors.default.checkoutOverview.errorMsg, 'Error: Postal Code is required').then(() => {\n      cy.log('El mensaje de error \"Error: Postal Code is required\" se mostró correctamente al intentar continuar sin completar el campo Código Postal.');\n      cy.writeIn(_selectors.default.checkoutOverview.formZip, _data.default.buyer.zip);\n      cy.clickIn(_selectors.default.checkoutOverview.continue);\n      cy.shouldHaveUrl('include', '/checkout-step-two.html');\n    });\n  });\n});",
              "err": {},
              "uuid": "30e3f1eb-d72a-4020-b616-367d97d6e7e8",
              "parentUUID": "dd336d4e-e096-4acf-a8dc-4a66eb54e378",
              "isHook": false,
              "skipped": false
            }
          ],
          "suites": [],
          "passes": [
            "68445cb8-5d17-4e88-aa86-b291ea49155c",
            "30e3f1eb-d72a-4020-b616-367d97d6e7e8"
          ],
          "failures": [],
          "pending": [],
          "skipped": [],
          "duration": 15839,
          "root": false,
          "rootEmpty": false,
          "_timeout": 2000
        }
      ],
      "passes": [],
      "failures": [],
      "pending": [],
      "skipped": [],
      "duration": 0,
      "root": true,
      "rootEmpty": true,
      "_timeout": 2000
    }
  ],
  "meta": {
    "mocha": {
      "version": "7.2.0"
    },
    "mochawesome": {
      "options": {
        "quiet": false,
        "reportFilename": "index",
        "saveHtml": false,
        "saveJson": true,
        "consoleReporter": "spec",
        "useInlineDiffs": false,
        "code": true
      },
      "version": "7.1.3"
    },
    "marge": {
      "options": {
        "id": "default",
        "reportDir": "cypress/reports/mochawesome",
        "reportFilename": "index",
        "overwrite": false,
        "html": false,
        "json": true
      },
      "version": "6.2.0"
    }
  }
}