{
  "stats": {
    "suites": 1,
    "tests": 1,
    "passes": 1,
    "pending": 0,
    "failures": 0,
    "start": "2025-09-07T06:42:52.393Z",
    "end": "2025-09-07T06:43:02.104Z",
    "duration": 9711,
    "testsRegistered": 1,
    "passPercent": 100,
    "pendingPercent": 0,
    "other": 0,
    "hasOther": false,
    "skipped": 0,
    "hasSkipped": false
  },
  "results": [
    {
      "uuid": "38412ef7-734d-4a7c-93be-3a55d36fe397",
      "title": "",
      "fullFile": "cypress/e2e/checkout/checkoutForm.cy.js",
      "file": "cypress/e2e/checkout/checkoutForm.cy.js",
      "beforeHooks": [],
      "afterHooks": [],
      "tests": [],
      "suites": [
        {
          "uuid": "a53475f9-4584-4335-83ab-a7e4c634933b",
          "title": "Validate Checkout Form",
          "fullFile": "",
          "file": "",
          "beforeHooks": [],
          "afterHooks": [],
          "tests": [
            {
              "title": "enter buyer information and continue",
              "fullTitle": "Validate Checkout Form enter buyer information and continue",
              "timedOut": null,
              "duration": 8388,
              "state": "passed",
              "speed": "medium",
              "pass": true,
              "fail": false,
              "pending": false,
              "context": null,
              "code": "cy.clickIn(_selectors.default.checkoutOverview.continue);\ncy.waitSeconds(1);\nif (cy.shouldBeVisible(_selectors.default.checkoutOverview.errorMsg)) {\n  cy.fillOutCheckoutForm(_data.default.buyer.firstName, _data.default.buyer.lastName, _data.default.buyer.zip);\n  cy.clickIn(_selectors.default.checkoutOverview.continue);\n  cy.shouldHaveUrl('include', '/checkout-step-two.html');\n} else {\n  cy.log('No se mostró ningún mensaje de error al intentar continuar sin completar el formulario.');\n}",
              "err": {},
              "uuid": "62b8b7c5-86ca-486e-b54e-4a8a4ffaeb49",
              "parentUUID": "a53475f9-4584-4335-83ab-a7e4c634933b",
              "isHook": false,
              "skipped": false
            }
          ],
          "suites": [],
          "passes": [
            "62b8b7c5-86ca-486e-b54e-4a8a4ffaeb49"
          ],
          "failures": [],
          "pending": [],
          "skipped": [],
          "duration": 8388,
          "root": false,
          "rootEmpty": false,
          "_timeout": 2000
        }
      ],
      "passes": [],
      "failures": [],
      "pending": [],
      "skipped": [],
      "duration": 0,
      "root": true,
      "rootEmpty": true,
      "_timeout": 2000
    }
  ],
  "meta": {
    "mocha": {
      "version": "7.2.0"
    },
    "mochawesome": {
      "options": {
        "quiet": false,
        "reportFilename": "index",
        "saveHtml": false,
        "saveJson": true,
        "consoleReporter": "spec",
        "useInlineDiffs": false,
        "code": true
      },
      "version": "7.1.3"
    },
    "marge": {
      "options": {
        "id": "default",
        "reportDir": "cypress/reports/mochawesome",
        "reportFilename": "index",
        "overwrite": false,
        "html": false,
        "json": true
      },
      "version": "6.2.0"
    }
  }
}