{
  "stats": {
    "suites": 1,
    "tests": 1,
    "passes": 1,
    "pending": 0,
    "failures": 0,
    "start": "2025-09-07T06:58:26.146Z",
    "end": "2025-09-07T06:58:32.354Z",
    "duration": 6208,
    "testsRegistered": 1,
    "passPercent": 100,
    "pendingPercent": 0,
    "other": 0,
    "hasOther": false,
    "skipped": 0,
    "hasSkipped": false
  },
  "results": [
    {
      "uuid": "da09cf57-3228-4e77-9ce3-683c99175339",
      "title": "",
      "fullFile": "cypress/e2e/auth/logout.cy.js",
      "file": "cypress/e2e/auth/logout.cy.js",
      "beforeHooks": [],
      "afterHooks": [],
      "tests": [],
      "suites": [
        {
          "uuid": "5546f6bd-7882-482b-b216-3b6f7f4b4751",
          "title": "Logout",
          "fullFile": "",
          "file": "",
          "beforeHooks": [],
          "afterHooks": [],
          "tests": [
            {
              "title": "Logout successfully",
              "fullTitle": "Logout Logout successfully",
              "timedOut": null,
              "duration": 4876,
              "state": "passed",
              "speed": "fast",
              "pass": true,
              "fail": false,
              "pending": false,
              "context": null,
              "code": "cy.get(_selectors.default.logout.burgerMenu).click();\ncy.get(_selectors.default.logout.logoutLink).click();\ncy.url().should('include', '/');\ncy.get(_selectors.default.login.loginButton).should('be.visible');",
              "err": {},
              "uuid": "60a5323f-0e6b-4729-968f-3c19f67864eb",
              "parentUUID": "5546f6bd-7882-482b-b216-3b6f7f4b4751",
              "isHook": false,
              "skipped": false
            }
          ],
          "suites": [],
          "passes": [
            "60a5323f-0e6b-4729-968f-3c19f67864eb"
          ],
          "failures": [],
          "pending": [],
          "skipped": [],
          "duration": 4876,
          "root": false,
          "rootEmpty": false,
          "_timeout": 2000
        }
      ],
      "passes": [],
      "failures": [],
      "pending": [],
      "skipped": [],
      "duration": 0,
      "root": true,
      "rootEmpty": true,
      "_timeout": 2000
    }
  ],
  "meta": {
    "mocha": {
      "version": "7.2.0"
    },
    "mochawesome": {
      "options": {
        "quiet": false,
        "reportFilename": "index",
        "saveHtml": false,
        "saveJson": true,
        "consoleReporter": "spec",
        "useInlineDiffs": false,
        "code": true
      },
      "version": "7.1.3"
    },
    "marge": {
      "options": {
        "id": "default",
        "reportDir": "cypress/reports/mochawesome",
        "reportFilename": "index",
        "overwrite": false,
        "html": false,
        "json": true
      },
      "version": "6.2.0"
    }
  }
}