{
  "stats": {
    "suites": 1,
    "tests": 1,
    "passes": 1,
    "pending": 0,
    "failures": 0,
    "start": "2025-09-07T06:42:40.406Z",
    "end": "2025-09-07T06:42:51.020Z",
    "duration": 10614,
    "testsRegistered": 1,
    "passPercent": 100,
    "pendingPercent": 0,
    "other": 0,
    "hasOther": false,
    "skipped": 0,
    "hasSkipped": false
  },
  "results": [
    {
      "uuid": "77eeeb18-2cb5-42aa-a8c6-b59139fa76ec",
      "title": "",
      "fullFile": "cypress/e2e/checkout/checkoutFinish.cy.js",
      "file": "cypress/e2e/checkout/checkoutFinish.cy.js",
      "beforeHooks": [],
      "afterHooks": [],
      "tests": [],
      "suites": [
        {
          "uuid": "d94dabbf-f037-4fb9-925e-f1f80ae3b93c",
          "title": "Cancel checkout",
          "fullFile": "",
          "file": "",
          "beforeHooks": [],
          "afterHooks": [],
          "tests": [
            {
              "title": "cancel from checkout overview",
              "fullTitle": "Cancel checkout cancel from checkout overview",
              "timedOut": null,
              "duration": 9322,
              "state": "passed",
              "speed": "medium",
              "pass": true,
              "fail": false,
              "pending": false,
              "context": null,
              "code": "cy.clickIn(_selectors.default.checkoutOverview.continue);\ncy.clickIn(_selectors.default.checkoutOverview.cancel).then(() => {\n  cy.shouldHaveUrl('include', '/inventory.html');\n  cy.log('Navegación a la página de inventario correcta ✅');\n});",
              "err": {},
              "uuid": "993b5396-731b-4a62-b86c-3896cd416938",
              "parentUUID": "d94dabbf-f037-4fb9-925e-f1f80ae3b93c",
              "isHook": false,
              "skipped": false
            }
          ],
          "suites": [],
          "passes": [
            "993b5396-731b-4a62-b86c-3896cd416938"
          ],
          "failures": [],
          "pending": [],
          "skipped": [],
          "duration": 9322,
          "root": false,
          "rootEmpty": false,
          "_timeout": 2000
        }
      ],
      "passes": [],
      "failures": [],
      "pending": [],
      "skipped": [],
      "duration": 0,
      "root": true,
      "rootEmpty": true,
      "_timeout": 2000
    }
  ],
  "meta": {
    "mocha": {
      "version": "7.2.0"
    },
    "mochawesome": {
      "options": {
        "quiet": false,
        "reportFilename": "index",
        "saveHtml": false,
        "saveJson": true,
        "consoleReporter": "spec",
        "useInlineDiffs": false,
        "code": true
      },
      "version": "7.1.3"
    },
    "marge": {
      "options": {
        "id": "default",
        "reportDir": "cypress/reports/mochawesome",
        "reportFilename": "index",
        "overwrite": false,
        "html": false,
        "json": true
      },
      "version": "6.2.0"
    }
  }
}