{
  "stats": {
    "suites": 1,
    "tests": 2,
    "passes": 2,
    "pending": 0,
    "failures": 0,
    "start": "2025-09-07T06:52:38.251Z",
    "end": "2025-09-07T06:52:48.472Z",
    "duration": 10221,
    "testsRegistered": 2,
    "passPercent": 100,
    "pendingPercent": 0,
    "other": 0,
    "hasOther": false,
    "skipped": 0,
    "hasSkipped": false
  },
  "results": [
    {
      "uuid": "3fd60291-97df-4786-8ee0-199a1d12ac18",
      "title": "",
      "fullFile": "cypress/e2e/products/productsPage.cy.js",
      "file": "cypress/e2e/products/productsPage.cy.js",
      "beforeHooks": [],
      "afterHooks": [],
      "tests": [],
      "suites": [
        {
          "uuid": "348adfe7-883d-492f-b2c9-96fd8ecaac69",
          "title": "Products Page Tests",
          "fullFile": "",
          "file": "",
          "beforeHooks": [],
          "afterHooks": [],
          "tests": [
            {
              "title": "View peoduct list",
              "fullTitle": "Products Page Tests View peoduct list",
              "timedOut": null,
              "duration": 4261,
              "state": "passed",
              "speed": "fast",
              "pass": true,
              "fail": false,
              "pending": false,
              "context": null,
              "code": "cy.shouldBeVisible(_selectors.default.products.inventoryContainer);\ncy.get(_selectors.default.products.inventoryItem).each(($item, index) => {\n  cy.wrap($item).within(() => {\n    cy.shouldBeVisible(_selectors.default.products.itemImg);\n    cy.shouldBeVisible(_selectors.default.products.itemName);\n    cy.shouldBeVisible(_selectors.default.products.itemPrice);\n    cy.shouldBeVisible(_selectors.default.products.itemButton);\n  });\n  cy.log(`Producto agregado: ${$item.find(_selectors.default.products.itemName).text()} ✅`);\n});",
              "err": {},
              "uuid": "62d7ea19-c5ab-4b95-b022-a7f9698f3af3",
              "parentUUID": "348adfe7-883d-492f-b2c9-96fd8ecaac69",
              "isHook": false,
              "skipped": false
            },
            {
              "title": "filter and sort products",
              "fullTitle": "Products Page Tests filter and sort products",
              "timedOut": null,
              "duration": 4531,
              "state": "passed",
              "speed": "fast",
              "pass": true,
              "fail": false,
              "pending": false,
              "context": null,
              "code": "cy.get('.product_sort_container').should('be.visible');\n// Validar que la lista de productos esté ordenada descendentemente (Z-A)\ncy.get('.product_sort_container').select('za');\ncy.validateOrder(_selectors.default.products.inventoryItem, 'desc', 'text');\ncy.logOrder(_selectors.default.products.inventoryItem, _selectors.default.products.itemName);\n// Validar que la lista de productos esté ordenada por defecto (A-Z)\ncy.get('.product_sort_container').select('az');\ncy.validateOrder(_selectors.default.products.inventoryItem, 'asc', 'text');\ncy.logOrder(_selectors.default.products.inventoryItem, _selectors.default.products.itemName);\n// Validar que la lista de productos esté ordenada por precio menor a mayor\ncy.get('.product_sort_container').select('lohi');\ncy.validateOrder(_selectors.default.products.inventoryItem, 'asc', 'number');\ncy.logOrder(_selectors.default.products.inventoryItem, _selectors.default.products.itemName);\n// Validar que la lista de productos esté ordenada por precio mayor a menor\ncy.get('.product_sort_container').select('hilo');\ncy.validateOrder(_selectors.default.products.inventoryItem, 'desc', 'number');\ncy.logOrder(_selectors.default.products.inventoryItem, _selectors.default.products.itemName);",
              "err": {},
              "uuid": "cf1a9cc6-3396-4fbb-93de-c40ae66981b6",
              "parentUUID": "348adfe7-883d-492f-b2c9-96fd8ecaac69",
              "isHook": false,
              "skipped": false
            }
          ],
          "suites": [],
          "passes": [
            "62d7ea19-c5ab-4b95-b022-a7f9698f3af3",
            "cf1a9cc6-3396-4fbb-93de-c40ae66981b6"
          ],
          "failures": [],
          "pending": [],
          "skipped": [],
          "duration": 8792,
          "root": false,
          "rootEmpty": false,
          "_timeout": 2000
        }
      ],
      "passes": [],
      "failures": [],
      "pending": [],
      "skipped": [],
      "duration": 0,
      "root": true,
      "rootEmpty": true,
      "_timeout": 2000
    }
  ],
  "meta": {
    "mocha": {
      "version": "7.2.0"
    },
    "mochawesome": {
      "options": {
        "quiet": false,
        "reportFilename": "index",
        "saveHtml": false,
        "saveJson": true,
        "consoleReporter": "spec",
        "useInlineDiffs": false,
        "code": true
      },
      "version": "7.1.3"
    },
    "marge": {
      "options": {
        "id": "default",
        "reportDir": "cypress/reports/mochawesome",
        "reportFilename": "index",
        "overwrite": false,
        "html": false,
        "json": true
      },
      "version": "6.2.0"
    }
  }
}