{
  "stats": {
    "suites": 1,
    "tests": 5,
    "passes": 5,
    "pending": 0,
    "failures": 0,
    "start": "2025-09-07T06:58:08.944Z",
    "end": "2025-09-07T06:58:24.668Z",
    "duration": 15724,
    "testsRegistered": 5,
    "passPercent": 100,
    "pendingPercent": 0,
    "other": 0,
    "hasOther": false,
    "skipped": 0,
    "hasSkipped": false
  },
  "results": [
    {
      "uuid": "acaed3d2-0baa-4d33-90ea-1f4f55de47e1",
      "title": "",
      "fullFile": "cypress/e2e/auth/login.cy.js",
      "file": "cypress/e2e/auth/login.cy.js",
      "beforeHooks": [],
      "afterHooks": [],
      "tests": [],
      "suites": [
        {
          "uuid": "7baf9be9-4d63-47ed-9508-77e92015b264",
          "title": "Authentication Tests",
          "fullFile": "",
          "file": "",
          "beforeHooks": [],
          "afterHooks": [],
          "tests": [
            {
              "title": "Successful login correcto credentials",
              "fullTitle": "Authentication Tests Successful login correcto credentials",
              "timedOut": null,
              "duration": 4788,
              "state": "passed",
              "speed": "fast",
              "pass": true,
              "fail": false,
              "pending": false,
              "context": null,
              "code": "cy.login(_data.default.users.standard.username, _data.default.users.password);\ncy.shouldHaveUrl('include', '/inventory.html');\ncy.shouldBeVisible(_selectors.default.products.title);\ncy.shouldBeVisible(_selectors.default.products.inventoryContainer);",
              "err": {},
              "uuid": "dd6d205c-99a7-4e78-a976-2a133b0b3f07",
              "parentUUID": "7baf9be9-4d63-47ed-9508-77e92015b264",
              "isHook": false,
              "skipped": false
            },
            {
              "title": "Unsuccessful login with incorrect credentials",
              "fullTitle": "Authentication Tests Unsuccessful login with incorrect credentials",
              "timedOut": null,
              "duration": 4113,
              "state": "passed",
              "speed": "fast",
              "pass": true,
              "fail": false,
              "pending": false,
              "context": null,
              "code": "cy.login('invalid_user', 'invalid_password');\ncy.shouldBeVisible(_selectors.default.login.ErrorMessage);\ncy.shouldHaveText(_selectors.default.login.ErrorMessage, 'Epic sadface: Username and password do not match any user in this service');\ncy.shouldHaveUrl('eq', 'https://www.saucedemo.com/');",
              "err": {},
              "uuid": "74de23d0-8b59-4a3b-ae22-49685cf90d4d",
              "parentUUID": "7baf9be9-4d63-47ed-9508-77e92015b264",
              "isHook": false,
              "skipped": false
            },
            {
              "title": "Unsuccessful login with empty user",
              "fullTitle": "Authentication Tests Unsuccessful login with empty user",
              "timedOut": null,
              "duration": 547,
              "state": "passed",
              "speed": "fast",
              "pass": true,
              "fail": false,
              "pending": false,
              "context": null,
              "code": "cy.writeIn(_selectors.default.login.password, _data.default.users.password);\ncy.clickIn(_selectors.default.login.loginButton);\ncy.shouldBeVisible(_selectors.default.login.ErrorMessage);\ncy.shouldHaveText(_selectors.default.login.ErrorMessage, 'Epic sadface: Username is required');\ncy.shouldHaveUrl('eq', 'https://www.saucedemo.com/');",
              "err": {},
              "uuid": "64036148-f486-4b2b-be2c-9f0f4208acc6",
              "parentUUID": "7baf9be9-4d63-47ed-9508-77e92015b264",
              "isHook": false,
              "skipped": false
            },
            {
              "title": "Unsuccessful login with empty password",
              "fullTitle": "Authentication Tests Unsuccessful login with empty password",
              "timedOut": null,
              "duration": 547,
              "state": "passed",
              "speed": "fast",
              "pass": true,
              "fail": false,
              "pending": false,
              "context": null,
              "code": "cy.writeIn(_selectors.default.login.username, _data.default.users.standard.username);\ncy.clickIn(_selectors.default.login.loginButton);\ncy.shouldBeVisible(_selectors.default.login.ErrorMessage);\ncy.shouldHaveText(_selectors.default.login.ErrorMessage, 'Epic sadface: Password is required');\ncy.shouldHaveUrl('eq', 'https://www.saucedemo.com/');",
              "err": {},
              "uuid": "c36ca761-2e91-43c0-8a1d-52b0ade8a410",
              "parentUUID": "7baf9be9-4d63-47ed-9508-77e92015b264",
              "isHook": false,
              "skipped": false
            },
            {
              "title": "Unsuccessful login with locked out user",
              "fullTitle": "Authentication Tests Unsuccessful login with locked out user",
              "timedOut": null,
              "duration": 3924,
              "state": "passed",
              "speed": "fast",
              "pass": true,
              "fail": false,
              "pending": false,
              "context": null,
              "code": "cy.login(_data.default.users.locked.username, 'secret_sauce');\ncy.shouldBeVisible(_selectors.default.login.ErrorMessage);\ncy.shouldHaveText(_selectors.default.login.ErrorMessage, 'Epic sadface: Sorry, this user has been locked out.');\ncy.shouldHaveUrl('eq', 'https://www.saucedemo.com/');",
              "err": {},
              "uuid": "4c2d15e6-a17b-4629-8727-b7eaa786b9aa",
              "parentUUID": "7baf9be9-4d63-47ed-9508-77e92015b264",
              "isHook": false,
              "skipped": false
            }
          ],
          "suites": [],
          "passes": [
            "dd6d205c-99a7-4e78-a976-2a133b0b3f07",
            "74de23d0-8b59-4a3b-ae22-49685cf90d4d",
            "64036148-f486-4b2b-be2c-9f0f4208acc6",
            "c36ca761-2e91-43c0-8a1d-52b0ade8a410",
            "4c2d15e6-a17b-4629-8727-b7eaa786b9aa"
          ],
          "failures": [],
          "pending": [],
          "skipped": [],
          "duration": 13919,
          "root": false,
          "rootEmpty": false,
          "_timeout": 2000
        }
      ],
      "passes": [],
      "failures": [],
      "pending": [],
      "skipped": [],
      "duration": 0,
      "root": true,
      "rootEmpty": true,
      "_timeout": 2000
    }
  ],
  "meta": {
    "mocha": {
      "version": "7.2.0"
    },
    "mochawesome": {
      "options": {
        "quiet": false,
        "reportFilename": "index",
        "saveHtml": false,
        "saveJson": true,
        "consoleReporter": "spec",
        "useInlineDiffs": false,
        "code": true
      },
      "version": "7.1.3"
    },
    "marge": {
      "options": {
        "id": "default",
        "reportDir": "cypress/reports/mochawesome",
        "reportFilename": "index",
        "overwrite": false,
        "html": false,
        "json": true
      },
      "version": "6.2.0"
    }
  }
}