{
  "stats": {
    "suites": 1,
    "tests": 1,
    "passes": 1,
    "pending": 0,
    "failures": 0,
    "start": "2025-09-07T06:25:19.820Z",
    "end": "2025-09-07T06:25:25.995Z",
    "duration": 6175,
    "testsRegistered": 1,
    "passPercent": 100,
    "pendingPercent": 0,
    "other": 0,
    "hasOther": false,
    "skipped": 0,
    "hasSkipped": false
  },
  "results": [
    {
      "uuid": "89846a26-3377-487f-b938-c2975b2ae69d",
      "title": "",
      "fullFile": "cypress/e2e/auth/logout.cy.js",
      "file": "cypress/e2e/auth/logout.cy.js",
      "beforeHooks": [],
      "afterHooks": [],
      "tests": [],
      "suites": [
        {
          "uuid": "9e3d73ae-14c2-4386-853c-48099ce0722b",
          "title": "Logout",
          "fullFile": "",
          "file": "",
          "beforeHooks": [],
          "afterHooks": [],
          "tests": [
            {
              "title": "Logout successfully",
              "fullTitle": "Logout Logout successfully",
              "timedOut": null,
              "duration": 4832,
              "state": "passed",
              "speed": "fast",
              "pass": true,
              "fail": false,
              "pending": false,
              "context": null,
              "code": "cy.get(_selectors.default.logout.burgerMenu).click();\ncy.get(_selectors.default.logout.logoutLink).click();\ncy.url().should('include', '/');\ncy.get(_selectors.default.login.loginButton).should('be.visible');",
              "err": {},
              "uuid": "3488b9e4-ca67-4ec9-96f4-4109c8a54838",
              "parentUUID": "9e3d73ae-14c2-4386-853c-48099ce0722b",
              "isHook": false,
              "skipped": false
            }
          ],
          "suites": [],
          "passes": [
            "3488b9e4-ca67-4ec9-96f4-4109c8a54838"
          ],
          "failures": [],
          "pending": [],
          "skipped": [],
          "duration": 4832,
          "root": false,
          "rootEmpty": false,
          "_timeout": 2000
        }
      ],
      "passes": [],
      "failures": [],
      "pending": [],
      "skipped": [],
      "duration": 0,
      "root": true,
      "rootEmpty": true,
      "_timeout": 2000
    }
  ],
  "meta": {
    "mocha": {
      "version": "7.2.0"
    },
    "mochawesome": {
      "options": {
        "quiet": false,
        "reportFilename": "index",
        "saveHtml": false,
        "saveJson": true,
        "consoleReporter": "spec",
        "useInlineDiffs": false,
        "code": true
      },
      "version": "7.1.3"
    },
    "marge": {
      "options": {
        "id": "default",
        "reportDir": "cypress/reports/mochawesome",
        "reportFilename": "index",
        "overwrite": false,
        "html": false,
        "json": true
      },
      "version": "6.2.0"
    }
  }
}