{
  "stats": {
    "suites": 1,
    "tests": 1,
    "passes": 1,
    "pending": 0,
    "failures": 0,
    "start": "2025-09-07T07:00:10.344Z",
    "end": "2025-09-07T07:00:16.054Z",
    "duration": 5710,
    "testsRegistered": 1,
    "passPercent": 100,
    "pendingPercent": 0,
    "other": 0,
    "hasOther": false,
    "skipped": 0,
    "hasSkipped": false
  },
  "results": [
    {
      "uuid": "072f2f33-40f2-4542-92b3-adb93bcf4f77",
      "title": "",
      "fullFile": "cypress/e2e/products/productsDetails.cy.js",
      "file": "cypress/e2e/products/productsDetails.cy.js",
      "beforeHooks": [],
      "afterHooks": [],
      "tests": [],
      "suites": [
        {
          "uuid": "b8160a29-3bd1-4eff-a108-1dcc8f9d1505",
          "title": "Products Details Page",
          "fullFile": "",
          "file": "",
          "beforeHooks": [],
          "afterHooks": [],
          "tests": [
            {
              "title": "acces the details of a random product",
              "fullTitle": "Products Details Page acces the details of a random product",
              "timedOut": null,
              "duration": 4324,
              "state": "passed",
              "speed": "fast",
              "pass": true,
              "fail": false,
              "pending": false,
              "context": null,
              "code": "cy.get(_selectors.default.products.inventoryItem).its('length').then(len => {\n  const idx = Cypress._.random(0, len - 1);\n  cy.get(_selectors.default.products.inventoryItem).eq(idx).find(_selectors.default.products.itemName).invoke('text').then(selectedProductName => {\n    cy.get(_selectors.default.products.inventoryItem).eq(idx).find(_selectors.default.products.itemName).click();\n    cy.location('pathname', {\n      timeout: 15000\n    }).should('include', 'inventory-item.html');\n    cy.get(_selectors.default.productDetails.itemName).should('be.visible').and('have.text', selectedProductName.trim());\n    cy.shouldBeVisible(_selectors.default.productDetails.itemImg);\n    cy.shouldBeVisible(_selectors.default.productDetails.itemPrice);\n    cy.shouldBeVisible(_selectors.default.productDetails.itemDesc);\n    cy.shouldBeVisible(_selectors.default.productDetails.itemButton);\n  });\n});",
              "err": {},
              "uuid": "13b8f5ab-944b-490f-9614-5881f669ea2b",
              "parentUUID": "b8160a29-3bd1-4eff-a108-1dcc8f9d1505",
              "isHook": false,
              "skipped": false
            }
          ],
          "suites": [],
          "passes": [
            "13b8f5ab-944b-490f-9614-5881f669ea2b"
          ],
          "failures": [],
          "pending": [],
          "skipped": [],
          "duration": 4324,
          "root": false,
          "rootEmpty": false,
          "_timeout": 2000
        }
      ],
      "passes": [],
      "failures": [],
      "pending": [],
      "skipped": [],
      "duration": 0,
      "root": true,
      "rootEmpty": true,
      "_timeout": 2000
    }
  ],
  "meta": {
    "mocha": {
      "version": "7.2.0"
    },
    "mochawesome": {
      "options": {
        "quiet": false,
        "reportFilename": "index",
        "saveHtml": false,
        "saveJson": true,
        "consoleReporter": "spec",
        "useInlineDiffs": false,
        "code": true
      },
      "version": "7.1.3"
    },
    "marge": {
      "options": {
        "id": "default",
        "reportDir": "cypress/reports/mochawesome",
        "reportFilename": "index",
        "overwrite": false,
        "html": false,
        "json": true
      },
      "version": "6.2.0"
    }
  }
}